<?xml version="1.0" encoding="UTF-8"?>
<testsuite xmlns:xsi="http://www.w3.org/2001/XMLSchema-instance" xsi:noNamespaceSchemaLocation="https://maven.apache.org/surefire/maven-surefire-plugin/xsd/surefire-test-report-3.0.xsd" version="3.0" name="com.example.demo.cucumber.CucumberTestRunner" time="10.248" tests="8" errors="0" skipped="0" failures="0">
  <properties>
[...]
</properties>
  <testcase name="Create a new user" classname="User Management" time="8.712">
    <system-out><![CDATA[07:20:30.232 [main] INFO org.springframework.test.context.support.AnnotationConfigContextLoaderUtils -- Could not detect default configuration classes for test class [com.example.demo.cucumber.CucumberSpringConfiguration]: CucumberSpringConfiguration does not declare any static, non-private, non-final, nested classes annotated with @Configuration.
07:20:30.373 [main] INFO org.springframework.boot.test.context.SpringBootTestContextBootstrapper -- Found @SpringBootConfiguration com.example.demo.SpringMigrationDemoApplication for test class com.example.demo.cucumber.CucumberSpringConfiguration

  .   ____          _            __ _ _
 /\\ / ___'_ __ _ _(_)_ __  __ _ \ \ \ \
( ( )\___ | '_ | '_| | '_ \/ _` | \ \ \ \
 \\/  ___)| |_)| | | | | || (_| |  ) ) ) )
  '  |____| .__|_| |_|_| |_\__, | / / / /
 =========|_|==============|___/=/_/_/_/
 :: Spring Boot ::                (v3.2.0)

2025-07-22T07:20:30.879-05:00  INFO 548058 --- [spring-migration-demo] [           main] c.e.d.c.CucumberSpringConfiguration      : Starting CucumberSpringConfiguration using Java 17.0.2 with PID 548058 (started by joey in /home/joey/Documents/GitHub/spring-migration-demo)
2025-07-22T07:20:30.883-05:00  INFO 548058 --- [spring-migration-demo] [           main] c.e.d.c.CucumberSpringConfiguration      : No active profile set, falling back to 1 default profile: "default"
2025-07-22T07:20:32.073-05:00  INFO 548058 --- [spring-migration-demo] [           main] .s.d.r.c.RepositoryConfigurationDelegate : Bootstrapping Spring Data JPA repositories in DEFAULT mode.
2025-07-22T07:20:32.139-05:00  INFO 548058 --- [spring-migration-demo] [           main] .s.d.r.c.RepositoryConfigurationDelegate : Finished Spring Data repository scanning in 57 ms. Found 1 JPA repository interface.
2025-07-22T07:20:32.948-05:00  INFO 548058 --- [spring-migration-demo] [           main] o.s.b.w.embedded.tomcat.TomcatWebServer  : Tomcat initialized with port 0 (http)
2025-07-22T07:20:32.960-05:00  INFO 548058 --- [spring-migration-demo] [           main] o.apache.catalina.core.StandardService   : Starting service [Tomcat]
2025-07-22T07:20:32.961-05:00  INFO 548058 --- [spring-migration-demo] [           main] o.apache.catalina.core.StandardEngine    : Starting Servlet engine: [Apache Tomcat/10.1.16]
2025-07-22T07:20:33.032-05:00  INFO 548058 --- [spring-migration-demo] [           main] o.a.c.c.C.[Tomcat].[localhost].[/]       : Initializing Spring embedded WebApplicationContext
2025-07-22T07:20:33.034-05:00  INFO 548058 --- [spring-migration-demo] [           main] w.s.c.ServletWebServerApplicationContext : Root WebApplicationContext: initialization completed in 1854 ms
2025-07-22T07:20:33.112-05:00  INFO 548058 --- [spring-migration-demo] [           main] com.zaxxer.hikari.HikariDataSource       : HikariPool-1 - Starting...
2025-07-22T07:20:33.330-05:00  INFO 548058 --- [spring-migration-demo] [           main] com.zaxxer.hikari.pool.HikariPool        : HikariPool-1 - Added connection conn0: url=jdbc:h2:mem:testdb user=SA
2025-07-22T07:20:33.333-05:00  INFO 548058 --- [spring-migration-demo] [           main] com.zaxxer.hikari.HikariDataSource       : HikariPool-1 - Start completed.
2025-07-22T07:20:33.350-05:00  INFO 548058 --- [spring-migration-demo] [           main] o.s.b.a.h2.H2ConsoleAutoConfiguration    : H2 console available at '/h2-console'. Database available at 'jdbc:h2:mem:testdb'
2025-07-22T07:20:33.524-05:00  INFO 548058 --- [spring-migration-demo] [           main] o.hibernate.jpa.internal.util.LogHelper  : HHH000204: Processing PersistenceUnitInfo [name: default]
2025-07-22T07:20:33.583-05:00  INFO 548058 --- [spring-migration-demo] [           main] org.hibernate.Version                    : HHH000412: Hibernate ORM core version 6.3.1.Final
2025-07-22T07:20:33.631-05:00  INFO 548058 --- [spring-migration-demo] [           main] o.h.c.internal.RegionFactoryInitiator    : HHH000026: Second-level cache disabled
2025-07-22T07:20:33.920-05:00  INFO 548058 --- [spring-migration-demo] [           main] o.s.o.j.p.SpringPersistenceUnitInfo      : No LoadTimeWeaver setup: ignoring JPA class transformer
2025-07-22T07:20:33.987-05:00  WARN 548058 --- [spring-migration-demo] [           main] org.hibernate.orm.deprecation            : HHH90000025: H2Dialect does not need to be specified explicitly using 'hibernate.dialect' (remove the property setting and it will be selected by default)
2025-07-22T07:20:34.844-05:00  INFO 548058 --- [spring-migration-demo] [           main] o.h.e.t.j.p.i.JtaPlatformInitiator       : HHH000489: No JTA platform available (set 'hibernate.transaction.jta.platform' to enable JTA platform integration)
Hibernate: 
    drop table if exists users cascade 
Hibernate: 
    create table users (
        active boolean default true,
        id bigint generated by default as identity,
        email varchar(255) unique,
        full_name varchar(255),
        username varchar(255) unique,
        primary key (id)
    )
2025-07-22T07:20:34.883-05:00  INFO 548058 --- [spring-migration-demo] [           main] j.LocalContainerEntityManagerFactoryBean : Initialized JPA EntityManagerFactory for persistence unit 'default'
2025-07-22T07:20:35.327-05:00  WARN 548058 --- [spring-migration-demo] [           main] JpaBaseConfiguration$JpaWebConfiguration : spring.jpa.open-in-view is enabled by default. Therefore, database queries may be performed during view rendering. Explicitly configure spring.jpa.open-in-view to disable this warning
2025-07-22T07:20:35.876-05:00  INFO 548058 --- [spring-migration-demo] [           main] o.s.b.w.embedded.tomcat.TomcatWebServer  : Tomcat started on port 42325 (http) with context path ''
2025-07-22T07:20:35.901-05:00  INFO 548058 --- [spring-migration-demo] [           main] c.e.d.c.CucumberSpringConfiguration      : Started CucumberSpringConfiguration in 5.379 seconds (process running for 7.487)

Scenario: Create a new user                                       &amp#27;[90m# src/test/resources/features/user-management.feature:9&amp#27;[0m
  &amp#27;[32mGiven &amp#27;[0m&amp#27;[32mthe application is running&amp#27;[0m                                &amp#27;[90m# com.example.demo.cucumber.steps.UserSteps.theApplicationIsRunning()&amp#27;[0m
  &amp#27;[32mGiven &amp#27;[0m&amp#27;[32ma user with the following details:&amp#27;[0m                        &amp#27;[90m# com.example.demo.cucumber.steps.UserSteps.aUserWithTheFollowingDetails(java.util.Map<java.lang.String, java.lang.String>)&amp#27;[0m
    | username | john_doe         |
    | email    | john@example.com |
    | fullName | John Doe         |
2025-07-22T07:20:38.205-05:00  INFO 548058 --- [spring-migration-demo] [o-auto-1-exec-1] o.a.c.c.C.[Tomcat].[localhost].[/]       : Initializing Spring DispatcherServlet 'dispatcherServlet'
2025-07-22T07:20:38.206-05:00  INFO 548058 --- [spring-migration-demo] [o-auto-1-exec-1] o.s.web.servlet.DispatcherServlet        : Initializing Servlet 'dispatcherServlet'
2025-07-22T07:20:38.207-05:00  INFO 548058 --- [spring-migration-demo] [o-auto-1-exec-1] o.s.web.servlet.DispatcherServlet        : Completed initialization in 1 ms
Hibernate: 
    select
        u1_0.id 
    from
        users u1_0 
    where
        u1_0.username=? 
    fetch
        first ? rows only
Hibernate: 
    select
        u1_0.id 
    from
        users u1_0 
    where
        u1_0.email=? 
    fetch
        first ? rows only
Hibernate: 
    insert 
    into
        users
        (active, email, full_name, username, id) 
    values
        (?, ?, ?, ?, default)
  &amp#27;[32mWhen &amp#27;[0m&amp#27;[32mI create the user&amp#27;[0m                                          &amp#27;[90m# com.example.demo.cucumber.steps.UserSteps.iCreateTheUser()&amp#27;[0m
  &amp#27;[32mThen &amp#27;[0m&amp#27;[32mthe response status should be &amp#27;[0m&amp#27;[32m&amp#27;[1m201&amp#27;[0m                          &amp#27;[90m# com.example.demo.cucumber.steps.UserSteps.theResponseStatusShouldBe(int)&amp#27;[0m
  &amp#27;[32mAnd &amp#27;[0m&amp#27;[32mthe response should contain a user with username &amp#27;[0m&amp#27;[32m&amp#27;[1m"john_doe"&amp#27;[0m &amp#27;[90m# com.example.demo.cucumber.steps.UserSteps.theResponseShouldContainUserWithUsername(java.lang.String)&amp#27;[0m
  &amp#27;[32mAnd &amp#27;[0m&amp#27;[32mthe user should have ID&amp#27;[0m                                     &amp#27;[90m# com.example.demo.cucumber.steps.UserSteps.theUserShouldHaveId()&amp#27;[0m
]]></system-out>
  </testcase>
  <testcase name="Get all users" classname="User Management" time="0.093">
    <system-out><![CDATA[2025-07-22T07:20:38.835-05:00  INFO 548058 --- [spring-migration-demo] [           main] t.c.s.AnnotationConfigContextLoaderUtils : Could not detect default configuration classes for test class [com.example.demo.cucumber.CucumberSpringConfiguration]: CucumberSpringConfiguration does not declare any static, non-private, non-final, nested classes annotated with @Configuration.
2025-07-22T07:20:38.839-05:00  INFO 548058 --- [spring-migration-demo] [           main] .b.t.c.SpringBootTestContextBootstrapper : Found @SpringBootConfiguration com.example.demo.SpringMigrationDemoApplication for test class com.example.demo.cucumber.CucumberSpringConfiguration

Scenario: Get all users                  &amp#27;[90m# src/test/resources/features/user-management.feature:19&amp#27;[0m
  &amp#27;[32mGiven &amp#27;[0m&amp#27;[32mthe application is running&amp#27;[0m       &amp#27;[90m# com.example.demo.cucumber.steps.UserSteps.theApplicationIsRunning()&amp#27;[0m
Hibernate: 
    select
        u1_0.id,
        u1_0.active,
        u1_0.email,
        u1_0.full_name,
        u1_0.username 
    from
        users u1_0
  &amp#27;[32mWhen &amp#27;[0m&amp#27;[32mI get all users&amp#27;[0m                   &amp#27;[90m# com.example.demo.cucumber.steps.UserSteps.iGetAllUsers()&amp#27;[0m
  &amp#27;[32mThen &amp#27;[0m&amp#27;[32mthe response status should be &amp#27;[0m&amp#27;[32m&amp#27;[1m200&amp#27;[0m &amp#27;[90m# com.example.demo.cucumber.steps.UserSteps.theResponseStatusShouldBe(int)&amp#27;[0m
]]></system-out>
  </testcase>
  <testcase name="Get user by ID" classname="User Management" time="0.111">
    <system-out><![CDATA[2025-07-22T07:20:38.926-05:00  INFO 548058 --- [spring-migration-demo] [           main] t.c.s.AnnotationConfigContextLoaderUtils : Could not detect default configuration classes for test class [com.example.demo.cucumber.CucumberSpringConfiguration]: CucumberSpringConfiguration does not declare any static, non-private, non-final, nested classes annotated with @Configuration.
2025-07-22T07:20:38.928-05:00  INFO 548058 --- [spring-migration-demo] [           main] .b.t.c.SpringBootTestContextBootstrapper : Found @SpringBootConfiguration com.example.demo.SpringMigrationDemoApplication for test class com.example.demo.cucumber.CucumberSpringConfiguration

Scenario: Get user by ID                   &amp#27;[90m# src/test/resources/features/user-management.feature:23&amp#27;[0m
  &amp#27;[32mGiven &amp#27;[0m&amp#27;[32mthe application is running&amp#27;[0m         &amp#27;[90m# com.example.demo.cucumber.steps.UserSteps.theApplicationIsRunning()&amp#27;[0m
  &amp#27;[32mGiven &amp#27;[0m&amp#27;[32ma user with the following details:&amp#27;[0m &amp#27;[90m# com.example.demo.cucumber.steps.UserSteps.aUserWithTheFollowingDetails(java.util.Map<java.lang.String, java.lang.String>)&amp#27;[0m
    | username | jane_doe         |
    | email    | jane@example.com |
    | fullName | Jane Doe         |
Hibernate: 
    select
        u1_0.id 
    from
        users u1_0 
    where
        u1_0.username=? 
    fetch
        first ? rows only
Hibernate: 
    select
        u1_0.id 
    from
        users u1_0 
    where
        u1_0.email=? 
    fetch
        first ? rows only
Hibernate: 
    insert 
    into
        users
        (active, email, full_name, username, id) 
    values
        (?, ?, ?, ?, default)
  &amp#27;[32mWhen &amp#27;[0m&amp#27;[32mI create the user&amp#27;[0m                   &amp#27;[90m# com.example.demo.cucumber.steps.UserSteps.iCreateTheUser()&amp#27;[0m
Hibernate: 
    select
        u1_0.id,
        u1_0.active,
        u1_0.email,
        u1_0.full_name,
        u1_0.username 
    from
        users u1_0 
    where
        u1_0.id=?
  &amp#27;[32mAnd &amp#27;[0m&amp#27;[32mI get user by ID &amp#27;[0m&amp#27;[32m&amp#27;[1m1&amp#27;[0m                   &amp#27;[90m# com.example.demo.cucumber.steps.UserSteps.iGetUserById(java.lang.Long)&amp#27;[0m
  &amp#27;[32mThen &amp#27;[0m&amp#27;[32mthe response status should be &amp#27;[0m&amp#27;[32m&amp#27;[1m200&amp#27;[0m   &amp#27;[90m# com.example.demo.cucumber.steps.UserSteps.theResponseStatusShouldBe(int)&amp#27;[0m
]]></system-out>
  </testcase>
  <testcase name="Get user by username" classname="User Management" time="0.145">
    <system-out><![CDATA[2025-07-22T07:20:39.040-05:00  INFO 548058 --- [spring-migration-demo] [           main] t.c.s.AnnotationConfigContextLoaderUtils : Could not detect default configuration classes for test class [com.example.demo.cucumber.CucumberSpringConfiguration]: CucumberSpringConfiguration does not declare any static, non-private, non-final, nested classes annotated with @Configuration.
2025-07-22T07:20:39.043-05:00  INFO 548058 --- [spring-migration-demo] [           main] .b.t.c.SpringBootTestContextBootstrapper : Found @SpringBootConfiguration com.example.demo.SpringMigrationDemoApplication for test class com.example.demo.cucumber.CucumberSpringConfiguration

Scenario: Get user by username                                     &amp#27;[90m# src/test/resources/features/user-management.feature:32&amp#27;[0m
  &amp#27;[32mGiven &amp#27;[0m&amp#27;[32mthe application is running&amp#27;[0m                                 &amp#27;[90m# com.example.demo.cucumber.steps.UserSteps.theApplicationIsRunning()&amp#27;[0m
  &amp#27;[32mGiven &amp#27;[0m&amp#27;[32ma user with the following details:&amp#27;[0m                         &amp#27;[90m# com.example.demo.cucumber.steps.UserSteps.aUserWithTheFollowingDetails(java.util.Map<java.lang.String, java.lang.String>)&amp#27;[0m
    | username | bob_smith       |
    | email    | bob@example.com |
    | fullName | Bob Smith       |
Hibernate: 
    select
        u1_0.id 
    from
        users u1_0 
    where
        u1_0.username=? 
    fetch
        first ? rows only
Hibernate: 
    select
        u1_0.id 
    from
        users u1_0 
    where
        u1_0.email=? 
    fetch
        first ? rows only
Hibernate: 
    insert 
    into
        users
        (active, email, full_name, username, id) 
    values
        (?, ?, ?, ?, default)
  &amp#27;[32mWhen &amp#27;[0m&amp#27;[32mI create the user&amp#27;[0m                                           &amp#27;[90m# com.example.demo.cucumber.steps.UserSteps.iCreateTheUser()&amp#27;[0m
Hibernate: 
    select
        u1_0.id,
        u1_0.active,
        u1_0.email,
        u1_0.full_name,
        u1_0.username 
    from
        users u1_0 
    where
        u1_0.username=?
  &amp#27;[32mAnd &amp#27;[0m&amp#27;[32mI get user by username &amp#27;[0m&amp#27;[32m&amp#27;[1m"bob_smith"&amp#27;[0m                           &amp#27;[90m# com.example.demo.cucumber.steps.UserSteps.iGetUserByUsername(java.lang.String)&amp#27;[0m
  &amp#27;[32mThen &amp#27;[0m&amp#27;[32mthe response status should be &amp#27;[0m&amp#27;[32m&amp#27;[1m200&amp#27;[0m                           &amp#27;[90m# com.example.demo.cucumber.steps.UserSteps.theResponseStatusShouldBe(int)&amp#27;[0m
  &amp#27;[32mAnd &amp#27;[0m&amp#27;[32mthe response should contain a user with username &amp#27;[0m&amp#27;[32m&amp#27;[1m"bob_smith"&amp#27;[0m &amp#27;[90m# com.example.demo.cucumber.steps.UserSteps.theResponseShouldContainUserWithUsername(java.lang.String)&amp#27;[0m
]]></system-out>
  </testcase>
  <testcase name="Update existing user" classname="User Management" time="0.116">
    <system-out><![CDATA[2025-07-22T07:20:39.184-05:00  INFO 548058 --- [spring-migration-demo] [           main] t.c.s.AnnotationConfigContextLoaderUtils : Could not detect default configuration classes for test class [com.example.demo.cucumber.CucumberSpringConfiguration]: CucumberSpringConfiguration does not declare any static, non-private, non-final, nested classes annotated with @Configuration.
2025-07-22T07:20:39.186-05:00  INFO 548058 --- [spring-migration-demo] [           main] .b.t.c.SpringBootTestContextBootstrapper : Found @SpringBootConfiguration com.example.demo.SpringMigrationDemoApplication for test class com.example.demo.cucumber.CucumberSpringConfiguration

Scenario: Update existing user                                       &amp#27;[90m# src/test/resources/features/user-management.feature:42&amp#27;[0m
  &amp#27;[32mGiven &amp#27;[0m&amp#27;[32mthe application is running&amp#27;[0m                                   &amp#27;[90m# com.example.demo.cucumber.steps.UserSteps.theApplicationIsRunning()&amp#27;[0m
  &amp#27;[32mGiven &amp#27;[0m&amp#27;[32ma user with the following details:&amp#27;[0m                           &amp#27;[90m# com.example.demo.cucumber.steps.UserSteps.aUserWithTheFollowingDetails(java.util.Map<java.lang.String, java.lang.String>)&amp#27;[0m
    | username | alice_jones       |
    | email    | alice@example.com |
    | fullName | Alice Jones       |
Hibernate: 
    select
        u1_0.id 
    from
        users u1_0 
    where
        u1_0.username=? 
    fetch
        first ? rows only
Hibernate: 
    select
        u1_0.id 
    from
        users u1_0 
    where
        u1_0.email=? 
    fetch
        first ? rows only
Hibernate: 
    insert 
    into
        users
        (active, email, full_name, username, id) 
    values
        (?, ?, ?, ?, default)
  &amp#27;[32mWhen &amp#27;[0m&amp#27;[32mI create the user&amp#27;[0m                                             &amp#27;[90m# com.example.demo.cucumber.steps.UserSteps.iCreateTheUser()&amp#27;[0m
Hibernate: 
    select
        u1_0.id,
        u1_0.active,
        u1_0.email,
        u1_0.full_name,
        u1_0.username 
    from
        users u1_0 
    where
        u1_0.id=?
Hibernate: 
    select
        u1_0.id 
    from
        users u1_0 
    where
        u1_0.username=? 
    fetch
        first ? rows only
Hibernate: 
    select
        u1_0.id 
    from
        users u1_0 
    where
        u1_0.email=? 
    fetch
        first ? rows only
Hibernate: 
    update
        users 
    set
        active=?,
        email=?,
        full_name=?,
        username=? 
    where
        id=?
  &amp#27;[32mAnd &amp#27;[0m&amp#27;[32mI update user with ID &amp#27;[0m&amp#27;[32m&amp#27;[1m1&amp#27;[0m&amp#27;[32m with the following details:&amp#27;[0m            &amp#27;[90m# com.example.demo.cucumber.steps.UserSteps.iUpdateUserWithId(java.lang.Long,java.util.Map<java.lang.String, java.lang.String>)&amp#27;[0m
    | username | alice_smith             |
    | email    | alice.smith@example.com |
    | fullName | Alice Smith             |
  &amp#27;[32mThen &amp#27;[0m&amp#27;[32mthe response status should be &amp#27;[0m&amp#27;[32m&amp#27;[1m200&amp#27;[0m                             &amp#27;[90m# com.example.demo.cucumber.steps.UserSteps.theResponseStatusShouldBe(int)&amp#27;[0m
  &amp#27;[32mAnd &amp#27;[0m&amp#27;[32mthe response should contain a user with username &amp#27;[0m&amp#27;[32m&amp#27;[1m"alice_smith"&amp#27;[0m &amp#27;[90m# com.example.demo.cucumber.steps.UserSteps.theResponseShouldContainUserWithUsername(java.lang.String)&amp#27;[0m
]]></system-out>
  </testcase>
  <testcase name="Delete existing user" classname="User Management" time="0.367">
    <system-out><![CDATA[2025-07-22T07:20:39.300-05:00  INFO 548058 --- [spring-migration-demo] [           main] t.c.s.AnnotationConfigContextLoaderUtils : Could not detect default configuration classes for test class [com.example.demo.cucumber.CucumberSpringConfiguration]: CucumberSpringConfiguration does not declare any static, non-private, non-final, nested classes annotated with @Configuration.
2025-07-22T07:20:39.302-05:00  INFO 548058 --- [spring-migration-demo] [           main] .b.t.c.SpringBootTestContextBootstrapper : Found @SpringBootConfiguration com.example.demo.SpringMigrationDemoApplication for test class com.example.demo.cucumber.CucumberSpringConfiguration

Scenario: Delete existing user             &amp#27;[90m# src/test/resources/features/user-management.feature:55&amp#27;[0m
  &amp#27;[32mGiven &amp#27;[0m&amp#27;[32mthe application is running&amp#27;[0m         &amp#27;[90m# com.example.demo.cucumber.steps.UserSteps.theApplicationIsRunning()&amp#27;[0m
  &amp#27;[32mGiven &amp#27;[0m&amp#27;[32ma user with the following details:&amp#27;[0m &amp#27;[90m# com.example.demo.cucumber.steps.UserSteps.aUserWithTheFollowingDetails(java.util.Map<java.lang.String, java.lang.String>)&amp#27;[0m
    | username | temp_user        |
    | email    | temp@example.com |
    | fullName | Temporary User   |
Hibernate: 
    select
        u1_0.id 
    from
        users u1_0 
    where
        u1_0.username=? 
    fetch
        first ? rows only
Hibernate: 
    select
        u1_0.id 
    from
        users u1_0 
    where
        u1_0.email=? 
    fetch
        first ? rows only
Hibernate: 
    insert 
    into
        users
        (active, email, full_name, username, id) 
    values
        (?, ?, ?, ?, default)
  &amp#27;[32mWhen &amp#27;[0m&amp#27;[32mI create the user&amp#27;[0m                   &amp#27;[90m# com.example.demo.cucumber.steps.UserSteps.iCreateTheUser()&amp#27;[0m
Hibernate: 
    select
        count(*) 
    from
        users u1_0 
    where
        u1_0.id=?
Hibernate: 
    select
        u1_0.id,
        u1_0.active,
        u1_0.email,
        u1_0.full_name,
        u1_0.username 
    from
        users u1_0 
    where
        u1_0.id=?
Hibernate: 
    delete 
    from
        users 
    where
        id=?
  &amp#27;[32mAnd &amp#27;[0m&amp#27;[32mI delete user with ID &amp#27;[0m&amp#27;[32m&amp#27;[1m1&amp#27;[0m              &amp#27;[90m# com.example.demo.cucumber.steps.UserSteps.iDeleteUserWithId(java.lang.Long)&amp#27;[0m
  &amp#27;[32mThen &amp#27;[0m&amp#27;[32mthe response status should be &amp#27;[0m&amp#27;[32m&amp#27;[1m204&amp#27;[0m   &amp#27;[90m# com.example.demo.cucumber.steps.UserSteps.theResponseStatusShouldBe(int)&amp#27;[0m
]]></system-out>
  </testcase>
  <testcase name="Try to get non-existent user" classname="User Management" time="0.094">
    <system-out><![CDATA[2025-07-22T07:20:39.669-05:00  INFO 548058 --- [spring-migration-demo] [           main] t.c.s.AnnotationConfigContextLoaderUtils : Could not detect default configuration classes for test class [com.example.demo.cucumber.CucumberSpringConfiguration]: CucumberSpringConfiguration does not declare any static, non-private, non-final, nested classes annotated with @Configuration.
2025-07-22T07:20:39.674-05:00  INFO 548058 --- [spring-migration-demo] [           main] .b.t.c.SpringBootTestContextBootstrapper : Found @SpringBootConfiguration com.example.demo.SpringMigrationDemoApplication for test class com.example.demo.cucumber.CucumberSpringConfiguration

Scenario: Try to get non-existent user   &amp#27;[90m# src/test/resources/features/user-management.feature:64&amp#27;[0m
  &amp#27;[32mGiven &amp#27;[0m&amp#27;[32mthe application is running&amp#27;[0m       &amp#27;[90m# com.example.demo.cucumber.steps.UserSteps.theApplicationIsRunning()&amp#27;[0m
Hibernate: 
    select
        u1_0.id,
        u1_0.active,
        u1_0.email,
        u1_0.full_name,
        u1_0.username 
    from
        users u1_0 
    where
        u1_0.id=?
  &amp#27;[32mWhen &amp#27;[0m&amp#27;[32mI get user by ID &amp#27;[0m&amp#27;[32m&amp#27;[1m999&amp#27;[0m              &amp#27;[90m# com.example.demo.cucumber.steps.UserSteps.iGetUserById(java.lang.Long)&amp#27;[0m
  &amp#27;[32mThen &amp#27;[0m&amp#27;[32mthe response status should be &amp#27;[0m&amp#27;[32m&amp#27;[1m404&amp#27;[0m &amp#27;[90m# com.example.demo.cucumber.steps.UserSteps.theResponseStatusShouldBe(int)&amp#27;[0m
]]></system-out>
  </testcase>
  <testcase name="Try to create user with duplicate username" classname="User Management" time="0.141">
    <system-out><![CDATA[2025-07-22T07:20:39.763-05:00  INFO 548058 --- [spring-migration-demo] [           main] t.c.s.AnnotationConfigContextLoaderUtils : Could not detect default configuration classes for test class [com.example.demo.cucumber.CucumberSpringConfiguration]: CucumberSpringConfiguration does not declare any static, non-private, non-final, nested classes annotated with @Configuration.
2025-07-22T07:20:39.765-05:00  INFO 548058 --- [spring-migration-demo] [           main] .b.t.c.SpringBootTestContextBootstrapper : Found @SpringBootConfiguration com.example.demo.SpringMigrationDemoApplication for test class com.example.demo.cucumber.CucumberSpringConfiguration

Scenario: Try to create user with duplicate username &amp#27;[90m# src/test/resources/features/user-management.feature:68&amp#27;[0m
  &amp#27;[32mGiven &amp#27;[0m&amp#27;[32mthe application is running&amp#27;[0m                   &amp#27;[90m# com.example.demo.cucumber.steps.UserSteps.theApplicationIsRunning()&amp#27;[0m
  &amp#27;[32mGiven &amp#27;[0m&amp#27;[32ma user with the following details:&amp#27;[0m           &amp#27;[90m# com.example.demo.cucumber.steps.UserSteps.aUserWithTheFollowingDetails(java.util.Map<java.lang.String, java.lang.String>)&amp#27;[0m
    | username | duplicate_user    |
    | email    | first@example.com |
    | fullName | First User        |
Hibernate: 
    select
        u1_0.id 
    from
        users u1_0 
    where
        u1_0.username=? 
    fetch
        first ? rows only
Hibernate: 
    select
        u1_0.id 
    from
        users u1_0 
    where
        u1_0.email=? 
    fetch
        first ? rows only
Hibernate: 
    insert 
    into
        users
        (active, email, full_name, username, id) 
    values
        (?, ?, ?, ?, default)
  &amp#27;[32mWhen &amp#27;[0m&amp#27;[32mI create the user&amp#27;[0m                             &amp#27;[90m# com.example.demo.cucumber.steps.UserSteps.iCreateTheUser()&amp#27;[0m
  &amp#27;[32mThen &amp#27;[0m&amp#27;[32mthe response status should be &amp#27;[0m&amp#27;[32m&amp#27;[1m201&amp#27;[0m             &amp#27;[90m# com.example.demo.cucumber.steps.UserSteps.theResponseStatusShouldBe(int)&amp#27;[0m
  &amp#27;[32mGiven &amp#27;[0m&amp#27;[32ma user with the following details:&amp#27;[0m           &amp#27;[90m# com.example.demo.cucumber.steps.UserSteps.aUserWithTheFollowingDetails(java.util.Map<java.lang.String, java.lang.String>)&amp#27;[0m
    | username | duplicate_user     |
    | email    | second@example.com |
    | fullName | Second User        |
Hibernate: 
    select
        u1_0.id 
    from
        users u1_0 
    where
        u1_0.username=? 
    fetch
        first ? rows only
  &amp#27;[32mWhen &amp#27;[0m&amp#27;[32mI create the user&amp#27;[0m                             &amp#27;[90m# com.example.demo.cucumber.steps.UserSteps.iCreateTheUser()&amp#27;[0m
  &amp#27;[32mThen &amp#27;[0m&amp#27;[32mthe response status should be &amp#27;[0m&amp#27;[32m&amp#27;[1m400&amp#27;[0m             &amp#27;[90m# com.example.demo.cucumber.steps.UserSteps.theResponseStatusShouldBe(int)&amp#27;[0m
]]></system-out>
  </testcase>
</testsuite>